c:\users\nly\desktop\code\c++\rdm\rdm\x64\debug\vc143.pdb
c:\users\nly\desktop\code\c++\rdm\rdm\x64\debug\vc143.idb
c:\users\nly\desktop\code\c++\rdm\rdm\x64\debug\stb_image.obj
c:\users\nly\desktop\code\c++\rdm\rdm\x64\debug\shader.obj
c:\users\nly\desktop\code\c++\rdm\rdm\x64\debug\main.obj
c:\users\nly\desktop\code\c++\rdm\rdm\x64\debug\entity.obj
c:\users\nly\desktop\code\c++\rdm\rdm\x64\debug\chunk.obj
c:\users\nly\desktop\code\c++\rdm\rdm\x64\debug\camera.obj
c:\users\nly\desktop\code\c++\rdm\rdm\x64\debug\glad.obj
c:\users\nly\desktop\code\c++\rdm\x64\debug\rdm.exe
c:\users\nly\desktop\code\c++\rdm\x64\debug\rdm.pdb
c:\users\nly\desktop\code\c++\rdm\rdm\x64\debug\rdm.ilk
c:\users\nly\desktop\code\c++\rdm\rdm\x64\debug\rdm.tlog\cl.command.1.tlog
c:\users\nly\desktop\code\c++\rdm\rdm\x64\debug\rdm.tlog\cl.items.tlog
c:\users\nly\desktop\code\c++\rdm\rdm\x64\debug\rdm.tlog\cl.read.1.tlog
c:\users\nly\desktop\code\c++\rdm\rdm\x64\debug\rdm.tlog\cl.write.1.tlog
c:\users\nly\desktop\code\c++\rdm\rdm\x64\debug\rdm.tlog\link.command.1.tlog
c:\users\nly\desktop\code\c++\rdm\rdm\x64\debug\rdm.tlog\link.read.1.tlog
c:\users\nly\desktop\code\c++\rdm\rdm\x64\debug\rdm.tlog\link.secondary.1.tlog
c:\users\nly\desktop\code\c++\rdm\rdm\x64\debug\rdm.tlog\link.write.1.tlog
